<?xml version="1.0" encoding="UTF-8"?>
<!-- Generated by org.testng.reporters.JUnitReportReporter -->
<testsuite hostname="DESKTOP-VSS1DPC" failures="0" tests="3" name="TestNG_Pac_1.TestNGPrametersDemo" time="0.020" errors="0" timestamp="2025-09-05T16:06:53 IST" skipped="0">
  <testcase classname="TestNG_Pac_1.TestNGPrametersDemo" name="substraction" time="0.003"/>
  <testcase classname="TestNG_Pac_1.TestNGPrametersDemo" name="add" time="0.016"/>
  <testcase classname="TestNG_Pac_1.TestNGPrametersDemo" name="multiplication" time="0.001"/>
</testsuite> <!-- TestNG_Pac_1.TestNGPrametersDemo -->
