<?xml version="1.0" encoding="UTF-8"?>
<!-- Generated by org.testng.reporters.JUnitReportReporter -->
<testsuite hostname="DESKTOP-VSS1DPC" failures="0" tests="4" name="TestNGProject.TestNGClass_1" time="6.808" errors="0" timestamp="2025-10-01T09:34:18 IST" skipped="0">
  <testcase classname="TestNGProject.TestNGClass_1" name="login" time="3.031"/>
  <testcase classname="TestNGProject.TestNGClass_1" name="ClickOnAdmin" time="3.181"/>
  <testcase classname="TestNGProject.TestNGClass_1" name="UserManagementDetails" time="0.445"/>
  <testcase classname="TestNGProject.TestNGClass_1" name="Reset" time="0.151"/>
</testsuite> <!-- TestNGProject.TestNGClass_1 -->
