<?xml version="1.0" encoding="UTF-8"?>
<!-- Generated by org.testng.reporters.JUnitReportReporter -->
<testsuite hostname="DESKTOP-VSS1DPC" failures="0" tests="1" name="TestNG_Pac_1.ScreenshotExample" time="8.048" errors="0" timestamp="2025-09-18T12:49:33 IST" skipped="0">
  <testcase classname="TestNG_Pac_1.ScreenshotExample" name="screenshot" time="8.048"/>
</testsuite> <!-- TestNG_Pac_1.ScreenshotExample -->
