<?xml version="1.0" encoding="UTF-8"?>
<!-- Generated by org.testng.reporters.JUnitReportReporter -->
<testsuite hostname="DESKTOP-VSS1DPC" failures="0" tests="1" name="TestNG_2.TestNGClass_1" time="0.023" errors="0" timestamp="2025-09-23T12:25:35 IST" skipped="0">
  <testcase classname="TestNG_2.TestNGClass_1" name="app" time="0.023"/>
</testsuite> <!-- TestNG_2.TestNGClass_1 -->
