<?xml version="1.0" encoding="UTF-8"?>
<!-- Generated by org.testng.reporters.JUnitReportReporter -->
<testsuite hostname="DESKTOP-VSS1DPC" failures="0" tests="3" name="TestNG_Pac_1.DataProviderDemo" time="216.943" errors="0" timestamp="2025-09-05T19:50:07 IST" skipped="0">
  <testcase classname="TestNG_Pac_1.DataProviderDemo" name="TestcaseGoogleSearch" time="39.964"/>
  <testcase classname="TestNG_Pac_1.DataProviderDemo" name="TestcaseGoogleSearch" time="112.241"/>
  <testcase classname="TestNG_Pac_1.DataProviderDemo" name="TestcaseGoogleSearch" time="64.738"/>
</testsuite> <!-- TestNG_Pac_1.DataProviderDemo -->
