<?xml version="1.0" encoding="UTF-8"?>
<!-- Generated by org.testng.reporters.JUnitReportReporter -->
<testsuite hostname="DESKTOP-VSS1DPC" failures="0" tests="2" name="TestNG_Pac_1.TestNG_Test" time="0.019" errors="0" timestamp="2025-09-04T11:11:09 IST" skipped="0">
  <testcase classname="TestNG_Pac_1.TestNG_Test" name="test2" time="0.003"/>
  <testcase classname="TestNG_Pac_1.TestNG_Test" name="TestNGTest" time="0.016"/>
</testsuite> <!-- TestNG_Pac_1.TestNG_Test -->
