<?xml version="1.0" encoding="UTF-8"?>
<!-- Generated by org.testng.reporters.JUnitReportReporter -->
<testsuite hostname="DESKTOP-VSS1DPC" failures="0" tests="1" name="TestNGProject.AssertionotEquals" time="9.010" errors="0" timestamp="2025-10-08T12:00:05 IST" skipped="0">
  <testcase classname="TestNGProject.AssertionotEquals" name="AssertNotEquals" time="9.010"/>
</testsuite> <!-- TestNGProject.AssertionotEquals -->
