<?xml version="1.0" encoding="UTF-8"?>
<!-- Generated by org.testng.reporters.JUnitReportReporter -->
<testsuite hostname="DESKTOP-VSS1DPC" failures="0" tests="6" name="TestNG_Pac_1.GroupsAttribute" time="0.058" errors="0" timestamp="2025-09-18T11:52:31 IST" skipped="0">
  <testcase classname="TestNG_Pac_1.GroupsAttribute" name="Mango" time="0.007"/>
  <testcase classname="TestNG_Pac_1.GroupsAttribute" name="cat" time="0.003"/>
  <testcase classname="TestNG_Pac_1.GroupsAttribute" name="horse" time="0.004"/>
  <testcase classname="TestNG_Pac_1.GroupsAttribute" name="Elephant" time="0.004"/>
  <testcase classname="TestNG_Pac_1.GroupsAttribute" name="banana" time="0.010"/>
  <testcase classname="TestNG_Pac_1.GroupsAttribute" name="Apple" time="0.030"/>
</testsuite> <!-- TestNG_Pac_1.GroupsAttribute -->
