<?xml version="1.0" encoding="UTF-8"?>
<!-- Generated by org.testng.reporters.JUnitReportReporter -->
<testsuite hostname="DESKTOP-VSS1DPC" failures="0" tests="2" name="TestNGProject.AllAnnotations" time="0.013" errors="0" timestamp="2025-10-06T11:16:24 IST" skipped="0">
  <testcase classname="TestNGProject.AllAnnotations" name="Test1" time="0.010"/>
  <testcase classname="TestNGProject.AllAnnotations" name="Test2" time="0.003"/>
</testsuite> <!-- TestNGProject.AllAnnotations -->
