<?xml version="1.0" encoding="UTF-8"?>
<!-- Generated by org.testng.reporters.JUnitReportReporter -->
<testsuite hostname="DESKTOP-VSS1DPC" failures="0" tests="2" name="TestNG_Pac_1.TestCase1" time="0.018" errors="0" timestamp="2025-09-04T21:11:56 IST" skipped="0">
  <testcase classname="TestNG_Pac_1.TestCase1" name="Test2" time="0.005"/>
  <testcase classname="TestNG_Pac_1.TestCase1" name="Test1" time="0.013"/>
</testsuite> <!-- TestNG_Pac_1.TestCase1 -->
