<?xml version="1.0" encoding="UTF-8"?>
<!-- Generated by org.testng.reporters.JUnitReportReporter -->
<testsuite hostname="DESKTOP-VSS1DPC" failures="0" tests="2" name="TestNGProject.AssertionPractice" time="10.119" errors="0" timestamp="2025-10-08T12:20:03 IST" skipped="0">
  <testcase classname="TestNGProject.AssertionPractice" name="Assertions" time="9.873"/>
  <testcase classname="TestNGProject.AssertionPractice" name="close" time="0.246"/>
</testsuite> <!-- TestNGProject.AssertionPractice -->
