<?xml version="1.0" encoding="UTF-8"?>
<!-- Generated by org.testng.reporters.JUnitReportReporter -->
<testsuite hostname="DESKTOP-VSS1DPC" failures="0" tests="2" name="TestNG_Pac_1.TestCase2" time="0.005" errors="0" timestamp="2025-09-04T21:11:56 IST" skipped="0">
  <testcase classname="TestNG_Pac_1.TestCase2" name="test3" time="0.003"/>
  <testcase classname="TestNG_Pac_1.TestCase2" name="test4" time="0.002"/>
</testsuite> <!-- TestNG_Pac_1.TestCase2 -->
