<?xml version="1.0" encoding="UTF-8"?>
<!-- Generated by org.testng.reporters.JUnitReportReporter -->
<testsuite hostname="DESKTOP-VSS1DPC" failures="0" tests="2" name="TestNGProject.AnnotationClass" time="0.009" errors="0" timestamp="2025-10-06T10:19:46 IST" skipped="0">
  <testcase classname="TestNGProject.AnnotationClass" name="search" time="0.008"/>
  <testcase classname="TestNGProject.AnnotationClass" name="avSearch" time="0.001"/>
</testsuite> <!-- TestNGProject.AnnotationClass -->
