<?xml version="1.0" encoding="UTF-8"?>
<!-- Generated by org.testng.reporters.JUnitReportReporter -->
<testsuite hostname="DESKTOP-VSS1DPC" failures="0" tests="5" name="TestNG_Pac_1.LoanDepartment" time="0.020" errors="0" timestamp="2025-09-04T18:08:01 IST" skipped="0">
  <testcase classname="TestNG_Pac_1.LoanDepartment" name="ApiLoginPersonalLoan" time="0.011"/>
  <testcase classname="TestNG_Pac_1.LoanDepartment" name="MobileLoginAutomobileLoan" time="0.001"/>
  <testcase classname="TestNG_Pac_1.LoanDepartment" name="MobileLoginPersonalLoan" time="0.002"/>
  <testcase classname="TestNG_Pac_1.LoanDepartment" name="WebLoginAutomobileLoan" time="0.003"/>
  <testcase classname="TestNG_Pac_1.LoanDepartment" name="WebLoginPersonalLoan" time="0.003"/>
</testsuite> <!-- TestNG_Pac_1.LoanDepartment -->
